Arguments: 
  /usr/local/bin/node /opt/yarn-v1.22.4/bin/yarn.js

PATH: 
  /usr/local/sbin:/usr/local/bin:/usr/sbin:/usr/bin:/sbin:/bin

Yarn version: 
  1.22.4

Node version: 
  12.16.2

Platform: 
  linux x64

Trace: 
  Error: ENOENT: no such file or directory, copyfile '/usr/local/share/.cache/yarn/v6/npm-type-1.2.0-848dd7698dafa3e54a6c479e759c4bc3f18847a0-integrity/node_modules/type/object/is.js' -> '/usr/src/app/node_modules/type/object/is.js'

npm manifest: 
  {
    "name": "frontend",
    "version": "0.1.0",
    "private": true,
    "dependencies": {
      "axios": "^0.19.2",
      "bootstrap": "^4.4.1",
      "jquery": "^3.5.0",
      "popper.js": "^1.16.1",
      "react": "^16.13.1",
      "react-dom": "^16.13.1",
      "react-router-dom": "^5.1.2",
      "react-scripts": "3.4.1",
      "semantic-ui": "^2.4.2",
      "semantic-ui-react": "^0.88.2"
    },
    "scripts": {
      "start": "react-scripts start",
      "build": "react-scripts build",
      "test": "react-scripts test",
      "eject": "react-scripts eject"
    },
    "eslintConfig": {
      "extends": "react-app"
    },
    "browserslist": {
      "production": [
        ">0.2%",
        "not dead",
        "not op_mini all"
      ],
      "development": [
        "last 1 chrome version",
        "last 1 firefox version",
        "last 1 safari version"
      ]
    }
  }

yarn manifest: 
  No manifest

Lockfile: 
  # THIS IS AN AUTOGENERATED FILE. DO NOT EDIT THIS FILE DIRECTLY.
  # yarn lockfile v1
